<?xml version="1.0" encoding="UTF-8"?>
<testsuite xmlns:xsi="http://www.w3.org/2001/XMLSchema-instance" xsi:noNamespaceSchemaLocation="https://maven.apache.org/surefire/maven-surefire-plugin/xsd/surefire-test-report-3.0.xsd" version="3.0" name="com.erick.gerenciadorbiblioteca.ApiTest" time="5.916" tests="24" errors="0" skipped="0" failures="0">
  <properties>
[...]
</properties>
  <testcase name="testGetUsuariosEmprestimosAtivos" classname="com.erick.gerenciadorbiblioteca.ApiTest" time="0.766">
    <system-out><![CDATA[18:49:02.487 [main] INFO org.springframework.test.context.support.AnnotationConfigContextLoaderUtils -- Could not detect default configuration classes for test class [com.erick.gerenciadorbiblioteca.ApiTest]: ApiTest does not declare any static, non-private, non-final, nested classes annotated with @Configuration.
18:49:02.612 [main] INFO org.springframework.boot.test.context.SpringBootTestContextBootstrapper -- Found @SpringBootConfiguration com.erick.gerenciadorbiblioteca.GerenciadorBibliotecaApplication for test class com.erick.gerenciadorbiblioteca.ApiTest

  .   ____          _            __ _ _
 /\\ / ___'_ __ _ _(_)_ __  __ _ \ \ \ \
( ( )\___ | '_ | '_| | '_ \/ _` | \ \ \ \
 \\/  ___)| |_)| | | | | || (_| |  ) ) ) )
  '  |____| .__|_| |_|_| |_\__, | / / / /
 =========|_|==============|___/=/_/_/_/
 :: Spring Boot ::                (v3.1.2)

2023-08-21T18:49:03.080-03:00  INFO 5896 --- [           main] c.erick.gerenciadorbiblioteca.ApiTest    : Starting ApiTest using Java 17.0.8 with PID 5896 (started by erick in C:\Users\erick\Development\gerenciador-biblioteca)
2023-08-21T18:49:03.080-03:00  INFO 5896 --- [           main] c.erick.gerenciadorbiblioteca.ApiTest    : No active profile set, falling back to 1 default profile: "default"
2023-08-21T18:49:03.825-03:00  INFO 5896 --- [           main] .s.d.r.c.RepositoryConfigurationDelegate : Bootstrapping Spring Data JPA repositories in DEFAULT mode.
2023-08-21T18:49:03.903-03:00  INFO 5896 --- [           main] .s.d.r.c.RepositoryConfigurationDelegate : Finished Spring Data repository scanning in 68 ms. Found 3 JPA repository interfaces.
2023-08-21T18:49:04.341-03:00  INFO 5896 --- [           main] o.hibernate.jpa.internal.util.LogHelper  : HHH000204: Processing PersistenceUnitInfo [name: default]
2023-08-21T18:49:04.419-03:00  INFO 5896 --- [           main] org.hibernate.Version                    : HHH000412: Hibernate ORM core version 6.2.6.Final
2023-08-21T18:49:04.419-03:00  INFO 5896 --- [           main] org.hibernate.cfg.Environment            : HHH000406: Using bytecode reflection optimizer
2023-08-21T18:49:04.622-03:00  INFO 5896 --- [           main] o.h.b.i.BytecodeProviderInitiator        : HHH000021: Bytecode provider name : bytebuddy
2023-08-21T18:49:04.747-03:00  INFO 5896 --- [           main] o.s.o.j.p.SpringPersistenceUnitInfo      : No LoadTimeWeaver setup: ignoring JPA class transformer
2023-08-21T18:49:04.778-03:00  INFO 5896 --- [           main] com.zaxxer.hikari.HikariDataSource       : HikariPool-1 - Starting...
2023-08-21T18:49:04.981-03:00  INFO 5896 --- [           main] com.zaxxer.hikari.pool.HikariPool        : HikariPool-1 - Added connection conn0: url=jdbc:h2:mem:biblioteca user=SA
2023-08-21T18:49:04.981-03:00  INFO 5896 --- [           main] com.zaxxer.hikari.HikariDataSource       : HikariPool-1 - Start completed.
2023-08-21T18:49:05.263-03:00  INFO 5896 --- [           main] o.h.b.i.BytecodeProviderInitiator        : HHH000021: Bytecode provider name : bytebuddy
2023-08-21T18:49:05.903-03:00  INFO 5896 --- [           main] o.h.e.t.j.p.i.JtaPlatformInitiator       : HHH000490: Using JtaPlatform implementation: [org.hibernate.engine.transaction.jta.platform.internal.NoJtaPlatform]
Hibernate: drop table if exists emprestimo cascade 
Hibernate: drop table if exists livro cascade 
Hibernate: drop table if exists usuario cascade 
Hibernate: drop sequence if exists emprestimo_seq
Hibernate: drop sequence if exists livro_seq
Hibernate: drop sequence if exists usuario_seq
Hibernate: create sequence emprestimo_seq start with 1 increment by 50
Hibernate: create sequence livro_seq start with 1 increment by 50
Hibernate: create sequence usuario_seq start with 1 increment by 50
Hibernate: create table emprestimo (data_devolucao date, data_emprestimo date not null, id bigint not null, livro_id bigint not null, usuario_id bigint not null, primary key (id))
Hibernate: create table livro (disponivel boolean not null, id bigint not null, autor varchar(255) not null, titulo varchar(255) not null, primary key (id))
Hibernate: create table usuario (id bigint not null, email varchar(255) not null unique, nome varchar(255) not null unique, telefone varchar(255) not null, primary key (id))
Hibernate: alter table if exists emprestimo add constraint FKlraqo5mkov260qr5h3es93sgr foreign key (livro_id) references livro
Hibernate: alter table if exists emprestimo add constraint FKn0k2927f8w348cfiahkff1rhk foreign key (usuario_id) references usuario
2023-08-21T18:49:05.935-03:00  INFO 5896 --- [           main] j.LocalContainerEntityManagerFactoryBean : Initialized JPA EntityManagerFactory for persistence unit 'default'
2023-08-21T18:49:06.528-03:00  WARN 5896 --- [           main] JpaBaseConfiguration$JpaWebConfiguration : spring.jpa.open-in-view is enabled by default. Therefore, database queries may be performed during view rendering. Explicitly configure spring.jpa.open-in-view to disable this warning
2023-08-21T18:49:06.856-03:00  INFO 5896 --- [           main] o.s.b.a.h2.H2ConsoleAutoConfiguration    : H2 console available at '/h2-console'. Database available at 'jdbc:h2:mem:biblioteca'
2023-08-21T18:49:06.903-03:00  INFO 5896 --- [           main] o.s.b.t.m.w.SpringBootMockServletContext : Initializing Spring TestDispatcherServlet ''
2023-08-21T18:49:06.903-03:00  INFO 5896 --- [           main] o.s.t.web.servlet.TestDispatcherServlet  : Initializing Servlet ''
2023-08-21T18:49:06.903-03:00  INFO 5896 --- [           main] o.s.t.web.servlet.TestDispatcherServlet  : Completed initialization in 0 ms
2023-08-21T18:49:06.919-03:00  INFO 5896 --- [           main] c.erick.gerenciadorbiblioteca.ApiTest    : Started ApiTest in 4.147 seconds (process running for 5.225)
Hibernate: select next value for usuario_seq
Hibernate: insert into usuario (email,nome,telefone,id) values (?,?,?,?)
Hibernate: select u1_0.id,u1_0.email,u1_0.nome,u1_0.telefone from usuario u1_0 where u1_0.id=?
Hibernate: select e1_0.id,e1_0.data_devolucao,e1_0.data_emprestimo,e1_0.livro_id,e1_0.usuario_id from emprestimo e1_0 where e1_0.usuario_id=? and e1_0.data_devolucao is null
]]></system-out>
  </testcase>
  <testcase name="testGetUsuarioById" classname="com.erick.gerenciadorbiblioteca.ApiTest" time="0.062">
    <system-out><![CDATA[Hibernate: select next value for usuario_seq
Hibernate: insert into usuario (email,nome,telefone,id) values (?,?,?,?)
Hibernate: select u1_0.id,u1_0.email,u1_0.nome,u1_0.telefone from usuario u1_0 where u1_0.id=?
Hibernate: select e1_0.usuario_id,e1_0.id,e1_0.data_devolucao,e1_0.data_emprestimo,e1_0.livro_id,l1_0.id,l1_0.autor,l1_0.disponivel,l1_0.titulo from emprestimo e1_0 left join livro l1_0 on l1_0.id=e1_0.livro_id where e1_0.usuario_id=?
]]></system-out>
  </testcase>
  <testcase name="testPostEmprestimos" classname="com.erick.gerenciadorbiblioteca.ApiTest" time="0.078">
    <system-out><![CDATA[Hibernate: insert into usuario (email,nome,telefone,id) values (?,?,?,?)
Hibernate: select next value for livro_seq
Hibernate: insert into livro (autor,disponivel,titulo,id) values (?,?,?,?)
Hibernate: select l1_0.id,l1_0.autor,l1_0.disponivel,l1_0.titulo from livro l1_0 where l1_0.id=?
Hibernate: select u1_0.id,u1_0.email,u1_0.nome,u1_0.telefone from usuario u1_0 where u1_0.id=?
Hibernate: select e1_0.id from emprestimo e1_0 where e1_0.usuario_id=? and e1_0.livro_id=? and e1_0.data_devolucao is null fetch first ? rows only
Hibernate: select count(e1_0.id) from emprestimo e1_0 where e1_0.usuario_id=? and e1_0.data_devolucao is null
Hibernate: select next value for emprestimo_seq
Hibernate: insert into emprestimo (data_devolucao,data_emprestimo,livro_id,usuario_id,id) values (?,?,?,?,?)
Hibernate: update livro set autor=?,disponivel=?,titulo=? where id=?
]]></system-out>
  </testcase>
  <testcase name="testPutUsuarios" classname="com.erick.gerenciadorbiblioteca.ApiTest" time="0.032">
    <system-out><![CDATA[Hibernate: insert into usuario (email,nome,telefone,id) values (?,?,?,?)
Hibernate: select u1_0.id,u1_0.email,u1_0.nome,u1_0.telefone from usuario u1_0 where u1_0.id=?
Hibernate: update usuario set email=?,nome=?,telefone=? where id=?
Hibernate: select e1_0.usuario_id,e1_0.id,e1_0.data_devolucao,e1_0.data_emprestimo,e1_0.livro_id,l1_0.id,l1_0.autor,l1_0.disponivel,l1_0.titulo from emprestimo e1_0 left join livro l1_0 on l1_0.id=e1_0.livro_id where e1_0.usuario_id=?
]]></system-out>
  </testcase>
  <testcase name="testGetLivrosEmprestimosDevolvidos" classname="com.erick.gerenciadorbiblioteca.ApiTest" time="0.015">
    <system-out><![CDATA[Hibernate: select next value for livro_seq
Hibernate: insert into livro (autor,disponivel,titulo,id) values (?,?,?,?)
Hibernate: select l1_0.id,l1_0.autor,l1_0.disponivel,l1_0.titulo from livro l1_0 where l1_0.id=?
Hibernate: select e1_0.id,e1_0.data_devolucao,e1_0.data_emprestimo,e1_0.livro_id,e1_0.usuario_id from emprestimo e1_0 where e1_0.livro_id=? and e1_0.data_devolucao is not null
]]></system-out>
  </testcase>
  <testcase name="testPutLivros" classname="com.erick.gerenciadorbiblioteca.ApiTest" time="0">
    <system-out><![CDATA[Hibernate: insert into livro (autor,disponivel,titulo,id) values (?,?,?,?)
Hibernate: select l1_0.id,l1_0.autor,l1_0.disponivel,l1_0.titulo from livro l1_0 where l1_0.id=?
Hibernate: update livro set autor=?,disponivel=?,titulo=? where id=?
Hibernate: select e1_0.livro_id,e1_0.id,e1_0.data_devolucao,e1_0.data_emprestimo,e1_0.usuario_id,u1_0.id,u1_0.email,u1_0.nome,u1_0.telefone from emprestimo e1_0 left join usuario u1_0 on u1_0.id=e1_0.usuario_id where e1_0.livro_id=?
]]></system-out>
  </testcase>
  <testcase name="testDeleteLivros" classname="com.erick.gerenciadorbiblioteca.ApiTest" time="0.016">
    <system-out><![CDATA[Hibernate: insert into livro (autor,disponivel,titulo,id) values (?,?,?,?)
Hibernate: select l1_0.id,l1_0.autor,l1_0.disponivel,l1_0.titulo from livro l1_0 where l1_0.id=?
Hibernate: select e1_0.livro_id,e1_0.id,e1_0.data_devolucao,e1_0.data_emprestimo,e1_0.usuario_id,u1_0.id,u1_0.email,u1_0.nome,u1_0.telefone from emprestimo e1_0 left join usuario u1_0 on u1_0.id=e1_0.usuario_id where e1_0.livro_id=?
Hibernate: delete from livro where id=?
]]></system-out>
  </testcase>
  <testcase name="testGetLivrosPesquisa" classname="com.erick.gerenciadorbiblioteca.ApiTest" time="0.031">
    <system-out><![CDATA[Hibernate: insert into livro (autor,disponivel,titulo,id) values (?,?,?,?)
Hibernate: select l1_0.id,l1_0.autor,l1_0.disponivel,l1_0.titulo from livro l1_0 where upper(l1_0.autor) like upper(?) escape '\' or upper(l1_0.titulo) like upper(?) escape '\'
Hibernate: select e1_0.livro_id,e1_0.id,e1_0.data_devolucao,e1_0.data_emprestimo,e1_0.usuario_id,u1_0.id,u1_0.email,u1_0.nome,u1_0.telefone from emprestimo e1_0 left join usuario u1_0 on u1_0.id=e1_0.usuario_id where e1_0.livro_id=?
Hibernate: select e1_0.livro_id,e1_0.id,e1_0.data_devolucao,e1_0.data_emprestimo,e1_0.usuario_id,u1_0.id,u1_0.email,u1_0.nome,u1_0.telefone from emprestimo e1_0 left join usuario u1_0 on u1_0.id=e1_0.usuario_id where e1_0.livro_id=?
Hibernate: select e1_0.livro_id,e1_0.id,e1_0.data_devolucao,e1_0.data_emprestimo,e1_0.usuario_id,u1_0.id,u1_0.email,u1_0.nome,u1_0.telefone from emprestimo e1_0 left join usuario u1_0 on u1_0.id=e1_0.usuario_id where e1_0.livro_id=?
]]></system-out>
  </testcase>
  <testcase name="testGetEmprestimos" classname="com.erick.gerenciadorbiblioteca.ApiTest" time="0">
    <system-out><![CDATA[Hibernate: select e1_0.id,e1_0.data_devolucao,e1_0.data_emprestimo,e1_0.livro_id,e1_0.usuario_id from emprestimo e1_0
Hibernate: select l1_0.id,l1_0.autor,l1_0.disponivel,l1_0.titulo from livro l1_0 where l1_0.id=?
Hibernate: select u1_0.id,u1_0.email,u1_0.nome,u1_0.telefone from usuario u1_0 where u1_0.id=?
]]></system-out>
  </testcase>
  <testcase name="testGetEmprestimosPesquisa" classname="com.erick.gerenciadorbiblioteca.ApiTest" time="0">
    <system-out><![CDATA[Hibernate: select e1_0.id,e1_0.data_devolucao,e1_0.data_emprestimo,e1_0.livro_id,e1_0.usuario_id from emprestimo e1_0 left join livro l1_0 on l1_0.id=e1_0.livro_id left join usuario u1_0 on u1_0.id=e1_0.usuario_id where l1_0.titulo like ? escape '\' or u1_0.nome like ? escape '\'
Hibernate: select l1_0.id,l1_0.autor,l1_0.disponivel,l1_0.titulo from livro l1_0 where l1_0.id=?
Hibernate: select u1_0.id,u1_0.email,u1_0.nome,u1_0.telefone from usuario u1_0 where u1_0.id=?
]]></system-out>
  </testcase>
  <testcase name="testPatchEmprestimos" classname="com.erick.gerenciadorbiblioteca.ApiTest" time="0.015">
    <system-out><![CDATA[Hibernate: insert into usuario (email,nome,telefone,id) values (?,?,?,?)
Hibernate: insert into livro (autor,disponivel,titulo,id) values (?,?,?,?)
Hibernate: select u1_0.id,u1_0.email,u1_0.nome,u1_0.telefone from usuario u1_0 where u1_0.id=?
Hibernate: select l1_0.id,l1_0.autor,l1_0.disponivel,l1_0.titulo from livro l1_0 where l1_0.id=?
Hibernate: select next value for emprestimo_seq
Hibernate: insert into emprestimo (data_devolucao,data_emprestimo,livro_id,usuario_id,id) values (?,?,?,?,?)
Hibernate: select e1_0.id,e1_0.data_devolucao,e1_0.data_emprestimo,e1_0.livro_id,l1_0.id,l1_0.autor,l1_0.disponivel,l1_0.titulo,e1_0.usuario_id,u1_0.id,u1_0.email,u1_0.nome,u1_0.telefone from emprestimo e1_0 join livro l1_0 on l1_0.id=e1_0.livro_id join usuario u1_0 on u1_0.id=e1_0.usuario_id where e1_0.id=?
Hibernate: update emprestimo set data_devolucao=?,data_emprestimo=?,livro_id=?,usuario_id=? where id=?
]]></system-out>
  </testcase>
  <testcase name="testPostUsuarios" classname="com.erick.gerenciadorbiblioteca.ApiTest" time="0.032">
    <system-out><![CDATA[Hibernate: insert into usuario (email,nome,telefone,id) values (?,?,?,?)
Hibernate: insert into usuario (email,nome,telefone,id) values (?,?,?,?)
2023-08-21T18:49:08.044-03:00  WARN 5896 --- [           main] o.h.engine.jdbc.spi.SqlExceptionHelper   : SQL Error: 23505, SQLState: 23505
2023-08-21T18:49:08.044-03:00 ERROR 5896 --- [           main] o.h.engine.jdbc.spi.SqlExceptionHelper   : Unique index or primary key violation: "PUBLIC.CONSTRAINT_INDEX_2 ON PUBLIC.USUARIO(EMAIL NULLS FIRST) VALUES ( /* 6 */ 'hermione@email.com' )"; SQL statement:
insert into usuario (email,nome,telefone,id) values (?,?,?,?) [23505-220]
]]></system-out>
  </testcase>
  <testcase name="testPostLivros" classname="com.erick.gerenciadorbiblioteca.ApiTest" time="0">
    <system-out><![CDATA[Hibernate: insert into livro (autor,disponivel,titulo,id) values (?,?,?,?)
]]></system-out>
  </testcase>
  <testcase name="testGetEmprestimoById" classname="com.erick.gerenciadorbiblioteca.ApiTest" time="0.016">
    <system-out><![CDATA[Hibernate: insert into usuario (email,nome,telefone,id) values (?,?,?,?)
Hibernate: insert into livro (autor,disponivel,titulo,id) values (?,?,?,?)
Hibernate: select u1_0.id,u1_0.email,u1_0.nome,u1_0.telefone from usuario u1_0 where u1_0.id=?
Hibernate: select l1_0.id,l1_0.autor,l1_0.disponivel,l1_0.titulo from livro l1_0 where l1_0.id=?
Hibernate: insert into emprestimo (data_devolucao,data_emprestimo,livro_id,usuario_id,id) values (?,?,?,?,?)
Hibernate: select e1_0.id,e1_0.data_devolucao,e1_0.data_emprestimo,e1_0.livro_id,l1_0.id,l1_0.autor,l1_0.disponivel,l1_0.titulo,e1_0.usuario_id,u1_0.id,u1_0.email,u1_0.nome,u1_0.telefone from emprestimo e1_0 join livro l1_0 on l1_0.id=e1_0.livro_id join usuario u1_0 on u1_0.id=e1_0.usuario_id where e1_0.id=?
]]></system-out>
  </testcase>
  <testcase name="testDeleteUsuarios" classname="com.erick.gerenciadorbiblioteca.ApiTest" time="0.015">
    <system-out><![CDATA[Hibernate: insert into usuario (email,nome,telefone,id) values (?,?,?,?)
Hibernate: select u1_0.id,u1_0.email,u1_0.nome,u1_0.telefone from usuario u1_0 where u1_0.id=?
Hibernate: delete from usuario where id=?
]]></system-out>
  </testcase>
  <testcase name="testGetLivros" classname="com.erick.gerenciadorbiblioteca.ApiTest" time="0.016">
    <system-out><![CDATA[Hibernate: select l1_0.id,l1_0.autor,l1_0.disponivel,l1_0.titulo from livro l1_0
Hibernate: select e1_0.livro_id,e1_0.id,e1_0.data_devolucao,e1_0.data_emprestimo,e1_0.usuario_id,u1_0.id,u1_0.email,u1_0.nome,u1_0.telefone from emprestimo e1_0 left join usuario u1_0 on u1_0.id=e1_0.usuario_id where e1_0.livro_id=?
Hibernate: select e1_0.livro_id,e1_0.id,e1_0.data_devolucao,e1_0.data_emprestimo,e1_0.usuario_id,u1_0.id,u1_0.email,u1_0.nome,u1_0.telefone from emprestimo e1_0 left join usuario u1_0 on u1_0.id=e1_0.usuario_id where e1_0.livro_id=?
Hibernate: select e1_0.livro_id,e1_0.id,e1_0.data_devolucao,e1_0.data_emprestimo,e1_0.usuario_id,u1_0.id,u1_0.email,u1_0.nome,u1_0.telefone from emprestimo e1_0 left join usuario u1_0 on u1_0.id=e1_0.usuario_id where e1_0.livro_id=?
Hibernate: select e1_0.livro_id,e1_0.id,e1_0.data_devolucao,e1_0.data_emprestimo,e1_0.usuario_id,u1_0.id,u1_0.email,u1_0.nome,u1_0.telefone from emprestimo e1_0 left join usuario u1_0 on u1_0.id=e1_0.usuario_id where e1_0.livro_id=?
Hibernate: select e1_0.livro_id,e1_0.id,e1_0.data_devolucao,e1_0.data_emprestimo,e1_0.usuario_id,u1_0.id,u1_0.email,u1_0.nome,u1_0.telefone from emprestimo e1_0 left join usuario u1_0 on u1_0.id=e1_0.usuario_id where e1_0.livro_id=?
Hibernate: select e1_0.livro_id,e1_0.id,e1_0.data_devolucao,e1_0.data_emprestimo,e1_0.usuario_id,u1_0.id,u1_0.email,u1_0.nome,u1_0.telefone from emprestimo e1_0 left join usuario u1_0 on u1_0.id=e1_0.usuario_id where e1_0.livro_id=?
Hibernate: select e1_0.livro_id,e1_0.id,e1_0.data_devolucao,e1_0.data_emprestimo,e1_0.usuario_id,u1_0.id,u1_0.email,u1_0.nome,u1_0.telefone from emprestimo e1_0 left join usuario u1_0 on u1_0.id=e1_0.usuario_id where e1_0.livro_id=?
]]></system-out>
  </testcase>
  <testcase name="testGetLivrosEmprestimos" classname="com.erick.gerenciadorbiblioteca.ApiTest" time="0.016">
    <system-out><![CDATA[Hibernate: insert into livro (autor,disponivel,titulo,id) values (?,?,?,?)
Hibernate: select l1_0.id,l1_0.autor,l1_0.disponivel,l1_0.titulo from livro l1_0 where l1_0.id=?
Hibernate: select e1_0.id,e1_0.data_devolucao,e1_0.data_emprestimo,e1_0.livro_id,e1_0.usuario_id from emprestimo e1_0 where e1_0.livro_id=?
]]></system-out>
  </testcase>
  <testcase name="testGetEmprestimosAtivos" classname="com.erick.gerenciadorbiblioteca.ApiTest" time="0.015">
    <system-out><![CDATA[Hibernate: select e1_0.id,e1_0.data_devolucao,e1_0.data_emprestimo,e1_0.livro_id,e1_0.usuario_id from emprestimo e1_0 where e1_0.data_devolucao is null
Hibernate: select l1_0.id,l1_0.autor,l1_0.disponivel,l1_0.titulo from livro l1_0 where l1_0.id=?
Hibernate: select u1_0.id,u1_0.email,u1_0.nome,u1_0.telefone from usuario u1_0 where u1_0.id=?
Hibernate: select l1_0.id,l1_0.autor,l1_0.disponivel,l1_0.titulo from livro l1_0 where l1_0.id=?
Hibernate: select u1_0.id,u1_0.email,u1_0.nome,u1_0.telefone from usuario u1_0 where u1_0.id=?
]]></system-out>
  </testcase>
  <testcase name="testGetEmprestimosDevolvidos" classname="com.erick.gerenciadorbiblioteca.ApiTest" time="0.016">
    <system-out><![CDATA[Hibernate: select e1_0.id,e1_0.data_devolucao,e1_0.data_emprestimo,e1_0.livro_id,e1_0.usuario_id from emprestimo e1_0 where e1_0.data_devolucao is not null
Hibernate: select l1_0.id,l1_0.autor,l1_0.disponivel,l1_0.titulo from livro l1_0 where l1_0.id=?
Hibernate: select u1_0.id,u1_0.email,u1_0.nome,u1_0.telefone from usuario u1_0 where u1_0.id=?
]]></system-out>
  </testcase>
  <testcase name="testGetUsuarios" classname="com.erick.gerenciadorbiblioteca.ApiTest" time="0.031">
    <system-out><![CDATA[Hibernate: select u1_0.id,u1_0.email,u1_0.nome,u1_0.telefone from usuario u1_0
Hibernate: select e1_0.usuario_id,e1_0.id,e1_0.data_devolucao,e1_0.data_emprestimo,e1_0.livro_id,l1_0.id,l1_0.autor,l1_0.disponivel,l1_0.titulo from emprestimo e1_0 left join livro l1_0 on l1_0.id=e1_0.livro_id where e1_0.usuario_id=?
Hibernate: select e1_0.usuario_id,e1_0.id,e1_0.data_devolucao,e1_0.data_emprestimo,e1_0.livro_id,l1_0.id,l1_0.autor,l1_0.disponivel,l1_0.titulo from emprestimo e1_0 left join livro l1_0 on l1_0.id=e1_0.livro_id where e1_0.usuario_id=?
Hibernate: select e1_0.usuario_id,e1_0.id,e1_0.data_devolucao,e1_0.data_emprestimo,e1_0.livro_id,l1_0.id,l1_0.autor,l1_0.disponivel,l1_0.titulo from emprestimo e1_0 left join livro l1_0 on l1_0.id=e1_0.livro_id where e1_0.usuario_id=?
Hibernate: select e1_0.usuario_id,e1_0.id,e1_0.data_devolucao,e1_0.data_emprestimo,e1_0.livro_id,l1_0.id,l1_0.autor,l1_0.disponivel,l1_0.titulo from emprestimo e1_0 left join livro l1_0 on l1_0.id=e1_0.livro_id where e1_0.usuario_id=?
Hibernate: select e1_0.usuario_id,e1_0.id,e1_0.data_devolucao,e1_0.data_emprestimo,e1_0.livro_id,l1_0.id,l1_0.autor,l1_0.disponivel,l1_0.titulo from emprestimo e1_0 left join livro l1_0 on l1_0.id=e1_0.livro_id where e1_0.usuario_id=?
Hibernate: select e1_0.usuario_id,e1_0.id,e1_0.data_devolucao,e1_0.data_emprestimo,e1_0.livro_id,l1_0.id,l1_0.autor,l1_0.disponivel,l1_0.titulo from emprestimo e1_0 left join livro l1_0 on l1_0.id=e1_0.livro_id where e1_0.usuario_id=?
Hibernate: select e1_0.usuario_id,e1_0.id,e1_0.data_devolucao,e1_0.data_emprestimo,e1_0.livro_id,l1_0.id,l1_0.autor,l1_0.disponivel,l1_0.titulo from emprestimo e1_0 left join livro l1_0 on l1_0.id=e1_0.livro_id where e1_0.usuario_id=?
]]></system-out>
  </testcase>
  <testcase name="testGetUsuariosEmprestimos" classname="com.erick.gerenciadorbiblioteca.ApiTest" time="0.016">
    <system-out><![CDATA[Hibernate: insert into usuario (email,nome,telefone,id) values (?,?,?,?)
Hibernate: select u1_0.id,u1_0.email,u1_0.nome,u1_0.telefone from usuario u1_0 where u1_0.id=?
Hibernate: select e1_0.id,e1_0.data_devolucao,e1_0.data_emprestimo,e1_0.livro_id,e1_0.usuario_id from emprestimo e1_0 where e1_0.usuario_id=?
]]></system-out>
  </testcase>
  <testcase name="testGetUsuariosEmprestimosDevolvidos" classname="com.erick.gerenciadorbiblioteca.ApiTest" time="0.016">
    <system-out><![CDATA[Hibernate: insert into usuario (email,nome,telefone,id) values (?,?,?,?)
Hibernate: select u1_0.id,u1_0.email,u1_0.nome,u1_0.telefone from usuario u1_0 where u1_0.id=?
Hibernate: select e1_0.id,e1_0.data_devolucao,e1_0.data_emprestimo,e1_0.livro_id,e1_0.usuario_id from emprestimo e1_0 where e1_0.usuario_id=? and e1_0.data_devolucao is not null
]]></system-out>
  </testcase>
  <testcase name="testGetLivrosById" classname="com.erick.gerenciadorbiblioteca.ApiTest" time="0">
    <system-out><![CDATA[Hibernate: insert into livro (autor,disponivel,titulo,id) values (?,?,?,?)
Hibernate: select l1_0.id,l1_0.autor,l1_0.disponivel,l1_0.titulo from livro l1_0 where l1_0.id=?
Hibernate: select e1_0.livro_id,e1_0.id,e1_0.data_devolucao,e1_0.data_emprestimo,e1_0.usuario_id,u1_0.id,u1_0.email,u1_0.nome,u1_0.telefone from emprestimo e1_0 left join usuario u1_0 on u1_0.id=e1_0.usuario_id where e1_0.livro_id=?
]]></system-out>
  </testcase>
  <testcase name="testGetUsuariosPesquisa" classname="com.erick.gerenciadorbiblioteca.ApiTest" time="0">
    <system-out><![CDATA[Hibernate: insert into usuario (email,nome,telefone,id) values (?,?,?,?)
Hibernate: select u1_0.id,u1_0.email,u1_0.nome,u1_0.telefone from usuario u1_0 where upper(u1_0.nome) like upper(?) escape '\' or upper(u1_0.email) like upper(?) escape '\'
Hibernate: select e1_0.usuario_id,e1_0.id,e1_0.data_devolucao,e1_0.data_emprestimo,e1_0.livro_id,l1_0.id,l1_0.autor,l1_0.disponivel,l1_0.titulo from emprestimo e1_0 left join livro l1_0 on l1_0.id=e1_0.livro_id where e1_0.usuario_id=?
]]></system-out>
  </testcase>
</testsuite>