<?xml version="1.0" encoding="UTF-8"?>
<testsuite xmlns:xsi="http://www.w3.org/2001/XMLSchema-instance" xsi:noNamespaceSchemaLocation="https://maven.apache.org/surefire/maven-surefire-plugin/xsd/surefire-test-report-3.0.xsd" version="3.0" name="com.erick.gerenciadorbiblioteca.GerenciadorBibliotecaApplicationTests" time="0.701" tests="1" errors="0" skipped="0" failures="0">
  <properties>
[...]
</properties>
  <testcase name="contextLoads" classname="com.erick.gerenciadorbiblioteca.GerenciadorBibliotecaApplicationTests" time="0">
    <system-out><![CDATA[2023-08-21T18:49:08.279-03:00  INFO 5896 --- [           main] t.c.s.AnnotationConfigContextLoaderUtils : Could not detect default configuration classes for test class [com.erick.gerenciadorbiblioteca.GerenciadorBibliotecaApplicationTests]: GerenciadorBibliotecaApplicationTests does not declare any static, non-private, non-final, nested classes annotated with @Configuration.
2023-08-21T18:49:08.279-03:00  INFO 5896 --- [           main] .b.t.c.SpringBootTestContextBootstrapper : Found @SpringBootConfiguration com.erick.gerenciadorbiblioteca.GerenciadorBibliotecaApplication for test class com.erick.gerenciadorbiblioteca.GerenciadorBibliotecaApplicationTests

  .   ____          _            __ _ _
 /\\ / ___'_ __ _ _(_)_ __  __ _ \ \ \ \
( ( )\___ | '_ | '_| | '_ \/ _` | \ \ \ \
 \\/  ___)| |_)| | | | | || (_| |  ) ) ) )
  '  |____| .__|_| |_|_| |_\__, | / / / /
 =========|_|==============|___/=/_/_/_/
 :: Spring Boot ::                (v3.1.2)

2023-08-21T18:49:08.341-03:00  INFO 5896 --- [           main] .g.GerenciadorBibliotecaApplicationTests : Starting GerenciadorBibliotecaApplicationTests using Java 17.0.8 with PID 5896 (started by erick in C:\Users\erick\Development\gerenciador-biblioteca)
2023-08-21T18:49:08.341-03:00  INFO 5896 --- [           main] .g.GerenciadorBibliotecaApplicationTests : No active profile set, falling back to 1 default profile: "default"
2023-08-21T18:49:08.524-03:00  INFO 5896 --- [           main] .s.d.r.c.RepositoryConfigurationDelegate : Bootstrapping Spring Data JPA repositories in DEFAULT mode.
2023-08-21T18:49:08.540-03:00  INFO 5896 --- [           main] .s.d.r.c.RepositoryConfigurationDelegate : Finished Spring Data repository scanning in 9 ms. Found 3 JPA repository interfaces.
2023-08-21T18:49:08.633-03:00  INFO 5896 --- [           main] o.hibernate.jpa.internal.util.LogHelper  : HHH000204: Processing PersistenceUnitInfo [name: default]
2023-08-21T18:49:08.633-03:00  INFO 5896 --- [           main] o.h.b.i.BytecodeProviderInitiator        : HHH000021: Bytecode provider name : bytebuddy
2023-08-21T18:49:08.633-03:00  INFO 5896 --- [           main] o.s.o.j.p.SpringPersistenceUnitInfo      : No LoadTimeWeaver setup: ignoring JPA class transformer
2023-08-21T18:49:08.633-03:00  INFO 5896 --- [           main] com.zaxxer.hikari.HikariDataSource       : HikariPool-2 - Starting...
2023-08-21T18:49:08.633-03:00  INFO 5896 --- [           main] com.zaxxer.hikari.pool.HikariPool        : HikariPool-2 - Added connection conn10: url=jdbc:h2:mem:biblioteca user=SA
2023-08-21T18:49:08.633-03:00  INFO 5896 --- [           main] com.zaxxer.hikari.HikariDataSource       : HikariPool-2 - Start completed.
2023-08-21T18:49:08.649-03:00  INFO 5896 --- [           main] o.h.b.i.BytecodeProviderInitiator        : HHH000021: Bytecode provider name : bytebuddy
2023-08-21T18:49:08.711-03:00  INFO 5896 --- [           main] o.h.e.t.j.p.i.JtaPlatformInitiator       : HHH000490: Using JtaPlatform implementation: [org.hibernate.engine.transaction.jta.platform.internal.NoJtaPlatform]
Hibernate: drop table if exists emprestimo cascade 
Hibernate: drop table if exists livro cascade 
Hibernate: drop table if exists usuario cascade 
Hibernate: drop sequence if exists emprestimo_seq
Hibernate: drop sequence if exists livro_seq
Hibernate: drop sequence if exists usuario_seq
Hibernate: create sequence emprestimo_seq start with 1 increment by 50
Hibernate: create sequence livro_seq start with 1 increment by 50
Hibernate: create sequence usuario_seq start with 1 increment by 50
Hibernate: create table emprestimo (data_devolucao date, data_emprestimo date not null, id bigint not null, livro_id bigint not null, usuario_id bigint not null, primary key (id))
Hibernate: create table livro (disponivel boolean not null, id bigint not null, autor varchar(255) not null, titulo varchar(255) not null, primary key (id))
Hibernate: create table usuario (id bigint not null, email varchar(255) not null unique, nome varchar(255) not null unique, telefone varchar(255) not null, primary key (id))
Hibernate: alter table if exists emprestimo add constraint FKlraqo5mkov260qr5h3es93sgr foreign key (livro_id) references livro
Hibernate: alter table if exists emprestimo add constraint FKn0k2927f8w348cfiahkff1rhk foreign key (usuario_id) references usuario
2023-08-21T18:49:08.727-03:00  INFO 5896 --- [           main] j.LocalContainerEntityManagerFactoryBean : Initialized JPA EntityManagerFactory for persistence unit 'default'
2023-08-21T18:49:08.870-03:00  WARN 5896 --- [           main] JpaBaseConfiguration$JpaWebConfiguration : spring.jpa.open-in-view is enabled by default. Therefore, database queries may be performed during view rendering. Explicitly configure spring.jpa.open-in-view to disable this warning
2023-08-21T18:49:08.933-03:00  INFO 5896 --- [           main] o.s.b.a.h2.H2ConsoleAutoConfiguration    : H2 console available at '/h2-console'. Database available at 'jdbc:h2:mem:biblioteca'
2023-08-21T18:49:08.948-03:00  INFO 5896 --- [           main] .g.GerenciadorBibliotecaApplicationTests : Started GerenciadorBibliotecaApplicationTests in 0.674 seconds (process running for 7.256)
]]></system-out>
  </testcase>
</testsuite>